Arguments: 
  C:\Program Files\nodejs\node.exe C:\Program Files (x86)\Yarn\bin\yarn.js install

PATH: 
  C:\Windows\system32;C:\Windows;C:\Windows\System32\Wbem;C:\Windows\System32\WindowsPowerShell\v1.0\;C:\Windows\System32\OpenSSH\;C:\Program Files\dotnet\;C:\Program Files\nodejs\;C:\Program Files\Git\cmd;C:\Program Files\Go\bin;C:\Program Files (x86)\Yarn\bin\;C:\Users\Mohiuddin Khan\AppData\Local\Microsoft\WindowsApps;C:\Users\Mohiuddin Khan\AppData\Roaming\npm;C:\Users\Mohiuddin Khan\AppData\Local\Programs\Hyper\resources\bin;C:\Users\Mohiuddin Khan\go\bin;C:\Users\Mohiuddin Khan\AppData\Local\Yarn\bin

Yarn version: 
  1.22.4

Node version: 
  14.17.3

Platform: 
  win32 x64

Trace: 
  Error: getaddrinfo EAI_AGAIN registry.yarnpkg.com
      at GetAddrInfoReqWrap.onlookup [as oncomplete] (dns.js:69:26)

npm manifest: 
  {
    "name": "frontend",
    "version": "0.1.0",
    "private": true,
    "scripts": {
      "dev": "next dev -p 8080",
      "build": "next build",
      "start": "next start"
    },
    "dependencies": {
      "@fontsource/open-sans": "^4.5.2",
      "@fontsource/satisfy": "^4.5.0",
      "@headlessui/react": "^1.4.2",
      "@reach/portal": "^0.16.2",
      "@reduxjs/toolkit": "^1.6.0",
      "@tailwindcss/forms": "^0.3.4",
      "aws-sdk": "^2.1186.0",
      "axios": "^0.27.2",
      "body-scroll-lock": "^4.0.0-beta.0",
      "classnames": "^2.3.1",
      "framer-motion": "^5.3.1",
      "js-cookie": "^3.0.1",
      "lodash": "^4.17.21",
      "next": "^12.1.6",
      "next-compose-plugins": "^2.2.1",
      "overlayscrollbars": "^1.13.1",
      "overlayscrollbars-react": "^0.2.3",
      "rc-drawer": "^5.1.0",
      "react": "17.0.2",
      "react-content-loader": "^6.2.0",
      "react-dom": "17.0.2",
      "react-hook-form": "^7.34.0",
      "react-hot-toast": "^2.3.0",
      "react-icons": "^4.3.1",
      "react-modal-video": "^1.2.10",
      "react-query": "^3.39.2",
      "react-rating-stars-component": "^2.2.0",
      "react-redux": "^7.2.4",
      "react-social-login": "^3.4.15",
      "react-spinners": "^0.13.4",
      "react-sticky-box": "^1.0.2",
      "react-toastify": "^9.0.8",
      "react-use": "^17.4.0",
      "sweetalert2": "^11.4.23",
      "swiper": "^8.3.2"
    },
    "devDependencies": {
      "@types/body-scroll-lock": "^3.1.0",
      "@types/lodash": "^4.14.184",
      "@types/node": "^14.14.13",
      "@types/react": "^17.0.0",
      "@types/react-dom": "^17.0.0",
      "@types/react-modal-video": "^1.2.0",
      "@types/react-redux": "^7.1.16",
      "@types/react-toastify": "^4.1.0",
      "autoprefixer": "^10.4.7",
      "postcss": "^8.4.14",
      "tailwindcss": "^2.2.19",
      "tailwindcss-rtl": "^0.8.0",
      "typescript": "^4.1.3"
    },
    "resolutions": {
      "@types/react": "17.0.2",
      "@types/react-dom": "17.0.2"
    }
  }

yarn manifest: 
  No manifest

Lockfile: 
  No lockfile
